<?xml version="1.0" encoding="UTF-8"?>
<testng-results skipped="0" failed="0" ignored="0" total="2" passed="2">
  <reporter-output>
  </reporter-output>
  <suite name="Suite" duration-ms="203" started-at="2023-02-16T07:08:32Z" finished-at="2023-02-16T07:08:32Z">
    <groups>
    </groups>
    <test name="Test" duration-ms="203" started-at="2023-02-16T07:08:32Z" finished-at="2023-02-16T07:08:32Z">
      <class name="RCBTest">
        <test-method status="PASS" signature="getRCBData()[pri:0, instance:RCBTest@3ab39c39]" name="getRCBData" is-config="true" duration-ms="157" started-at="2023-02-16T07:08:32Z" finished-at="2023-02-16T07:08:32Z">
          <reporter-output>
          </reporter-output>
        </test-method> <!-- getRCBData -->
        <test-method status="PASS" signature="validateForeignPlayers()[pri:0, instance:RCBTest@3ab39c39]" name="validateForeignPlayers" duration-ms="6" started-at="2023-02-16T07:08:32Z" description="Verify team has only 4 Foreign players" finished-at="2023-02-16T07:08:32Z">
          <reporter-output>
          </reporter-output>
        </test-method> <!-- validateForeignPlayers -->
        <test-method status="PASS" signature="validatePresenceOfWicketKeeper()[pri:0, instance:RCBTest@3ab39c39]" name="validatePresenceOfWicketKeeper" duration-ms="0" started-at="2023-02-16T07:08:32Z" description="verify team has atleast one wicket keeper" finished-at="2023-02-16T07:08:32Z">
          <reporter-output>
          </reporter-output>
        </test-method> <!-- validatePresenceOfWicketKeeper -->
      </class> <!-- RCBTest -->
    </test> <!-- Test -->
  </suite> <!-- Suite -->
</testng-results>
